Release 14.7 - ngc2edif P.20131013 (nt64)
Copyright (c) 1995-2013 Xilinx, Inc.  All rights reserved.
Reading design S1063697Lab1.ngc ...
WARNING:NetListWriters:298 - No output is written to S1063697Lab1.xncf, ignored.
Processing design ...
   Preping design's networks ...
   Preping design's macros ...
  finished :Prep
Writing EDIF netlist file S1063697Lab1.edif ...
ngc2edif: Total memory usage is 81812 kilobytes

Release 14.7 - ngc2edif P.20131013 (nt64)
Copyright (c) 1995-2013 Xilinx, Inc.  All rights reserved.
Reading design S1063697Lab1.ngc ...
WARNING:NetListWriters:298 - No output is written to S1063697Lab1.xncf, ignored.
Processing design ...
   Preping design's networks ...
   Preping design's macros ...
  finished :Prep
Writing EDIF netlist file S1063697Lab1.edif ...
ngc2edif: Total memory usage is 81812 kilobytes

Release 14.7 - ngc2edif P.20131013 (nt64)
Copyright (c) 1995-2013 Xilinx, Inc.  All rights reserved.
Reading design S1063697Lab1.ngc ...
WARNING:NetListWriters:298 - No output is written to S1063697Lab1.xncf, ignored.
Processing design ...
   Preping design's networks ...
   Preping design's macros ...
  finished :Prep
Writing EDIF netlist file S1063697Lab1.edif ...
ngc2edif: Total memory usage is 81748 kilobytes

