--------------------------------------------------------------------------------
Release 14.7 Trace  (nt64)
Copyright (c) 1995-2013 Xilinx, Inc.  All rights reserved.

C:\Xilinx\14.7\ISE_DS\ISE\bin\nt64\unwrapped\trce.exe -intstyle ise -v 3 -s 5
-n 3 -fastpaths -xml s1063697_Lab4.twx s1063697_Lab4.ncd -o s1063697_Lab4.twr
s1063697_Lab4.pcf -ucf Basys2.ucf

Design file:              s1063697_Lab4.ncd
Physical constraint file: s1063697_Lab4.pcf
Device,package,speed:     xc3s100e,cp132,-5 (PRODUCTION 1.27 2013-10-13)
Report level:             verbose report

Environment Variable      Effect 
--------------------      ------ 
NONE                      No environment variables were set
--------------------------------------------------------------------------------

INFO:Timing:2698 - No timing constraints found, doing default enumeration.
INFO:Timing:3412 - To improve timing, see the Timing Closure User Guide (UG612).
INFO:Timing:2752 - To get complete path coverage, use the unconstrained paths 
   option. All paths that are not constrained will be reported in the 
   unconstrained paths section(s) of the report.
INFO:Timing:3339 - The clock-to-out numbers in this timing report are based on 
   a 50 Ohm transmission line loading model.  For the details of this model, 
   and for more information on accounting for different loading conditions, 
   please see the device datasheet.
INFO:Timing:3390 - This architecture does not support a default System Jitter 
   value, please add SYSTEM_JITTER constraint to the UCF to modify the Clock 
   Uncertainty calculation.
INFO:Timing:3389 - This architecture does not support 'Discrete Jitter' and 
   'Phase Error' calculations, these terms will be zero in the Clock 
   Uncertainty calculation.  Please make appropriate modification to 
   SYSTEM_JITTER to account for the unsupported Discrete Jitter and Phase 
   Error.



Data Sheet report:
-----------------
All values displayed in nanoseconds (ns)

Clock mclk to Pad
------------+------------+------------------+--------+
            | clk (edge) |                  | Clock  |
Destination |   to PAD   |Internal Clock(s) | Phase  |
------------+------------+------------------+--------+
Seg<0>      |   11.378(R)|mclk_BUFGP        |   0.000|
Seg<1>      |   11.657(R)|mclk_BUFGP        |   0.000|
Seg<2>      |   11.696(R)|mclk_BUFGP        |   0.000|
Seg<3>      |   11.690(R)|mclk_BUFGP        |   0.000|
Seg<4>      |   11.463(R)|mclk_BUFGP        |   0.000|
Seg<5>      |   11.380(R)|mclk_BUFGP        |   0.000|
Seg<6>      |   11.647(R)|mclk_BUFGP        |   0.000|
an<0>       |    8.491(R)|mclk_BUFGP        |   0.000|
an<1>       |    8.444(R)|mclk_BUFGP        |   0.000|
an<2>       |    9.565(R)|mclk_BUFGP        |   0.000|
an<3>       |    8.562(R)|mclk_BUFGP        |   0.000|
------------+------------+------------------+--------+

Clock to Setup on destination clock mclk
---------------+---------+---------+---------+---------+
               | Src:Rise| Src:Fall| Src:Rise| Src:Fall|
Source Clock   |Dest:Rise|Dest:Rise|Dest:Fall|Dest:Fall|
---------------+---------+---------+---------+---------+
mclk           |    3.686|         |         |         |
---------------+---------+---------+---------+---------+


Analysis completed Tue Dec 03 22:07:07 2019 
--------------------------------------------------------------------------------

Trace Settings:
-------------------------
Trace Settings 

Peak Memory Usage: 4501 MB



