Release 14.7 - xst P.20131013 (nt64)
Copyright (c) 1995-2013 Xilinx, Inc.  All rights reserved.
--> Parameter TMPDIR set to xst/projnav.tmp


Total REAL time to Xst completion: 0.00 secs
Total CPU time to Xst completion: 0.43 secs
 
--> Parameter xsthdpdir set to xst


Total REAL time to Xst completion: 0.00 secs
Total CPU time to Xst completion: 0.44 secs
 
--> Reading design: MIPS_ALU4.prj

TABLE OF CONTENTS
  1) Synthesis Options Summary
  2) HDL Compilation
  3) Design Hierarchy Analysis
  4) HDL Analysis
  5) HDL Synthesis
     5.1) HDL Synthesis Report
  6) Advanced HDL Synthesis
     6.1) Advanced HDL Synthesis Report
  7) Low Level Synthesis
  8) Partition Report
  9) Final Report
	9.1) Device utilization summary
	9.2) Partition Resource Summary
	9.3) TIMING REPORT


=========================================================================
*                      Synthesis Options Summary                        *
=========================================================================
---- Source Parameters
Input File Name                    : "MIPS_ALU4.prj"
Input Format                       : mixed
Ignore Synthesis Constraint File   : NO

---- Target Parameters
Output File Name                   : "MIPS_ALU4"
Output Format                      : NGC
Target Device                      : xc3s100e-5-cp132

---- Source Options
Top Module Name                    : MIPS_ALU4
Automatic FSM Extraction           : YES
FSM Encoding Algorithm             : Auto
Safe Implementation                : No
FSM Style                          : LUT
RAM Extraction                     : Yes
RAM Style                          : Auto
ROM Extraction                     : Yes
Mux Style                          : Auto
Decoder Extraction                 : YES
Priority Encoder Extraction        : Yes
Shift Register Extraction          : YES
Logical Shifter Extraction         : YES
XOR Collapsing                     : YES
ROM Style                          : Auto
Mux Extraction                     : Yes
Resource Sharing                   : YES
Asynchronous To Synchronous        : NO
Multiplier Style                   : Auto
Automatic Register Balancing       : No

---- Target Options
Add IO Buffers                     : YES
Global Maximum Fanout              : 500
Add Generic Clock Buffer(BUFG)     : 24
Register Duplication               : YES
Slice Packing                      : YES
Optimize Instantiated Primitives   : NO
Use Clock Enable                   : Yes
Use Synchronous Set                : Yes
Use Synchronous Reset              : Yes
Pack IO Registers into IOBs        : Auto
Equivalent register Removal        : YES

---- General Options
Optimization Goal                  : Speed
Optimization Effort                : 1
Keep Hierarchy                     : No
Netlist Hierarchy                  : As_Optimized
RTL Output                         : Yes
Global Optimization                : AllClockNets
Read Cores                         : YES
Write Timing Constraints           : NO
Cross Clock Analysis               : NO
Hierarchy Separator                : /
Bus Delimiter                      : <>
Case Specifier                     : Maintain
Slice Utilization Ratio            : 100
BRAM Utilization Ratio             : 100
Verilog 2001                       : YES
Auto BRAM Packing                  : NO
Slice Utilization Ratio Delta      : 5

=========================================================================


=========================================================================
*                          HDL Compilation                              *
=========================================================================
Compiling verilog file "../MUX_4x1.v" in library work
Compiling verilog file "../MUX_2x1.v" in library work
Module <MUX_4x1> compiled
Compiling verilog file "../FA.v" in library work
Module <MUX_2x1> compiled
Compiling verilog file "../ALU_MSB.v" in library work
Module <FA> compiled
Compiling verilog file "../ALU_1bit.v" in library work
Module <ALU_MSB> compiled
Compiling verilog file "../MIPS_ALU4.v" in library work
Module <ALU_1bit> compiled
Module <MIPS_ALU4> compiled
No errors in compilation
Analysis of file <"MIPS_ALU4.prj"> succeeded.
 

=========================================================================
*                     Design Hierarchy Analysis                         *
=========================================================================
Analyzing hierarchy for module <MIPS_ALU4> in library <work>.

Analyzing hierarchy for module <ALU_1bit> in library <work>.

Analyzing hierarchy for module <ALU_MSB> in library <work>.

Analyzing hierarchy for module <MUX_2x1> in library <work>.

Analyzing hierarchy for module <FA> in library <work>.

Analyzing hierarchy for module <MUX_4x1> in library <work>.


=========================================================================
*                            HDL Analysis                               *
=========================================================================
Analyzing top module <MIPS_ALU4>.
Module <MIPS_ALU4> is correct for synthesis.
 
Analyzing module <ALU_1bit> in library <work>.
Module <ALU_1bit> is correct for synthesis.
 
Analyzing module <MUX_2x1> in library <work>.
Module <MUX_2x1> is correct for synthesis.
 
Analyzing module <FA> in library <work>.
Module <FA> is correct for synthesis.
 
Analyzing module <MUX_4x1> in library <work>.
Module <MUX_4x1> is correct for synthesis.
 
Analyzing module <ALU_MSB> in library <work>.
Module <ALU_MSB> is correct for synthesis.
 

=========================================================================
*                           HDL Synthesis                               *
=========================================================================

Performing bidirectional port resolution...

Synthesizing Unit <MUX_2x1>.
    Related source file is "../MUX_2x1.v".
Unit <MUX_2x1> synthesized.


Synthesizing Unit <FA>.
    Related source file is "../FA.v".
    Found 1-bit xor2 for signal <S>.
    Found 1-bit xor2 for signal <w1>.
Unit <FA> synthesized.


Synthesizing Unit <MUX_4x1>.
    Related source file is "../MUX_4x1.v".
    Found 1-bit 4-to-1 multiplexer for signal <result>.
    Summary:
	inferred   1 Multiplexer(s).
Unit <MUX_4x1> synthesized.


Synthesizing Unit <ALU_1bit>.
    Related source file is "../ALU_1bit.v".
Unit <ALU_1bit> synthesized.


Synthesizing Unit <ALU_MSB>.
    Related source file is "../ALU_MSB.v".
Unit <ALU_MSB> synthesized.


Synthesizing Unit <MIPS_ALU4>.
    Related source file is "../MIPS_ALU4.v".
Unit <MIPS_ALU4> synthesized.


=========================================================================
HDL Synthesis Report

Macro Statistics
# Multiplexers                                         : 4
 1-bit 4-to-1 multiplexer                              : 4
# Xors                                                 : 8
 1-bit xor2                                            : 8

=========================================================================

=========================================================================
*                       Advanced HDL Synthesis                          *
=========================================================================


=========================================================================
Advanced HDL Synthesis Report

Macro Statistics
# Multiplexers                                         : 4
 1-bit 4-to-1 multiplexer                              : 4
# Xors                                                 : 8
 1-bit xor2                                            : 8

=========================================================================

=========================================================================
*                         Low Level Synthesis                           *
=========================================================================

Optimizing unit <MIPS_ALU4> ...

Mapping all equations...
Building and optimizing final netlist ...
Found area constraint ratio of 100 (+ 5) on block MIPS_ALU4, actual ratio is 1.

Final Macro Processing ...

=========================================================================
Final Register Report

Found no macro
=========================================================================

=========================================================================
*                           Partition Report                            *
=========================================================================

Partition Implementation Status
-------------------------------

  No Partitions were found in this design.

-------------------------------

=========================================================================
*                            Final Report                               *
=========================================================================
Final Results
RTL Top Level Output File Name     : MIPS_ALU4.ngr
Top Level Output File Name         : MIPS_ALU4
Output Format                      : NGC
Optimization Goal                  : Speed
Keep Hierarchy                     : No

Design Statistics
# IOs                              : 18

Cell Usage :
# BELS                             : 27
#      LUT2                        : 5
#      LUT3                        : 2
#      LUT4                        : 14
#      MUXF5                       : 4
#      MUXF6                       : 2
# IO Buffers                       : 18
#      IBUF                        : 12
#      OBUF                        : 6
=========================================================================

Device utilization summary:
---------------------------

Selected Device : 3s100ecp132-5 

 Number of Slices:                       11  out of    960     1%  
 Number of 4 input LUTs:                 21  out of   1920     1%  
 Number of IOs:                          18
 Number of bonded IOBs:                  18  out of     83    21%  

---------------------------
Partition Resource Summary:
---------------------------

  No Partitions were found in this design.

---------------------------


=========================================================================
TIMING REPORT

NOTE: THESE TIMING NUMBERS ARE ONLY A SYNTHESIS ESTIMATE.
      FOR ACCURATE TIMING INFORMATION PLEASE REFER TO THE TRACE REPORT
      GENERATED AFTER PLACE-and-ROUTE.

Clock Information:
------------------
No clock signals found in this design

Asynchronous Control Signals Information:
----------------------------------------
No asynchronous control signals found in this design

Timing Summary:
---------------
Speed Grade: -5

   Minimum period: No path found
   Minimum input arrival time before clock: No path found
   Maximum output required time after clock: No path found
   Maximum combinational path delay: 11.757ns

Timing Detail:
--------------
All values displayed in nanoseconds (ns)

=========================================================================
Timing constraint: Default path analysis
  Total number of paths / destination ports: 202 / 6
-------------------------------------------------------------------------
Delay:               11.757ns (Levels of Logic = 9)
  Source:            ALUOp<2> (PAD)
  Destination:       Zero (PAD)

  Data Path: ALUOp<2> to Zero
                                Gate     Net
    Cell:in->out      fanout   Delay   Delay  Logical Name (Net Name)
    ----------------------------------------  ------------
     IBUF:I->O             5   1.106   0.690  ALUOp_2_IBUF (ALUOp_2_IBUF)
     LUT2:I0->O            4   0.612   0.651  bit1/MUX2/z1 (bit1/bin)
     LUT4:I0->O            2   0.612   0.383  bit1/fulladder/C1 (CarryOut<1>)
     LUT4:I3->O            2   0.612   0.532  bit2/fulladder/C1 (CarryOut<2>)
     LUT4:I0->O            1   0.612   0.387  bit3/Overflow1 (Set)
     LUT3:I2->O            1   0.612   0.000  bit0/MUX3/Mmux_result_3 (bit0/MUX3/Mmux_result_3)
     MUXF5:I1->O           2   0.278   0.532  bit0/MUX3/Mmux_result_2_f5 (Result_0_OBUF)
     LUT4:I0->O            1   0.612   0.357  Zero1 (Zero_OBUF)
     OBUF:I->O                 3.169          Zero_OBUF (Zero)
    ----------------------------------------
    Total                     11.757ns (8.225ns logic, 3.532ns route)
                                       (70.0% logic, 30.0% route)

=========================================================================


Total REAL time to Xst completion: 6.00 secs
Total CPU time to Xst completion: 6.31 secs
 
--> 

Total memory usage is 4537356 kilobytes

Number of errors   :    0 (   0 filtered)
Number of warnings :    0 (   0 filtered)
Number of infos    :    0 (   0 filtered)

