--------------------------------------------------------------------------------
Release 14.7 Trace  (nt64)
Copyright (c) 1995-2013 Xilinx, Inc.  All rights reserved.

C:\Xilinx\14.7\ISE_DS\ISE\bin\nt64\unwrapped\trce.exe -intstyle ise -v 3 -s 5
-n 3 -fastpaths -xml MIPS_ALU4.twx MIPS_ALU4.ncd -o MIPS_ALU4.twr MIPS_ALU4.pcf

Design file:              MIPS_ALU4.ncd
Physical constraint file: MIPS_ALU4.pcf
Device,package,speed:     xc3s100e,cp132,-5 (PRODUCTION 1.27 2013-10-13)
Report level:             verbose report

Environment Variable      Effect 
--------------------      ------ 
NONE                      No environment variables were set
--------------------------------------------------------------------------------

INFO:Timing:2698 - No timing constraints found, doing default enumeration.
INFO:Timing:3412 - To improve timing, see the Timing Closure User Guide (UG612).
INFO:Timing:2752 - To get complete path coverage, use the unconstrained paths 
   option. All paths that are not constrained will be reported in the 
   unconstrained paths section(s) of the report.
INFO:Timing:3339 - The clock-to-out numbers in this timing report are based on 
   a 50 Ohm transmission line loading model.  For the details of this model, 
   and for more information on accounting for different loading conditions, 
   please see the device datasheet.
INFO:Timing:3390 - This architecture does not support a default System Jitter 
   value, please add SYSTEM_JITTER constraint to the UCF to modify the Clock 
   Uncertainty calculation.
INFO:Timing:3389 - This architecture does not support 'Discrete Jitter' and 
   'Phase Error' calculations, these terms will be zero in the Clock 
   Uncertainty calculation.  Please make appropriate modification to 
   SYSTEM_JITTER to account for the unsupported Discrete Jitter and Phase 
   Error.



Data Sheet report:
-----------------
All values displayed in nanoseconds (ns)

Pad to Pad
---------------+---------------+---------+
Source Pad     |Destination Pad|  Delay  |
---------------+---------------+---------+
A<0>           |Overflow       |   10.165|
A<0>           |Result<0>      |   11.037|
A<0>           |Result<1>      |    8.566|
A<0>           |Result<2>      |    9.195|
A<0>           |Result<3>      |   11.086|
A<0>           |Zero           |   12.263|
A<1>           |Overflow       |    8.524|
A<1>           |Result<0>      |    9.396|
A<1>           |Result<1>      |    7.110|
A<1>           |Result<2>      |    7.554|
A<1>           |Result<3>      |    9.445|
A<1>           |Zero           |   10.622|
A<2>           |Overflow       |    7.479|
A<2>           |Result<0>      |    8.351|
A<2>           |Result<2>      |    6.826|
A<2>           |Result<3>      |    8.400|
A<2>           |Zero           |    9.577|
A<3>           |Overflow       |    6.920|
A<3>           |Result<0>      |    7.943|
A<3>           |Result<3>      |    7.841|
A<3>           |Zero           |    9.018|
ALUOp<0>       |Result<0>      |    7.765|
ALUOp<0>       |Result<1>      |    8.118|
ALUOp<0>       |Result<2>      |    7.958|
ALUOp<0>       |Result<3>      |    7.355|
ALUOp<0>       |Zero           |    8.986|
ALUOp<1>       |Result<0>      |    6.158|
ALUOp<1>       |Result<1>      |    6.858|
ALUOp<1>       |Result<2>      |    6.421|
ALUOp<1>       |Result<3>      |    7.006|
ALUOp<1>       |Zero           |    8.183|
ALUOp<2>       |Overflow       |    9.814|
ALUOp<2>       |Result<0>      |   10.686|
ALUOp<2>       |Result<1>      |    8.215|
ALUOp<2>       |Result<2>      |    8.844|
ALUOp<2>       |Result<3>      |   10.735|
ALUOp<2>       |Zero           |   11.912|
ALUOp<3>       |Overflow       |   10.302|
ALUOp<3>       |Result<0>      |   11.174|
ALUOp<3>       |Result<1>      |    8.703|
ALUOp<3>       |Result<2>      |    9.332|
ALUOp<3>       |Result<3>      |   11.223|
ALUOp<3>       |Zero           |   12.400|
B<0>           |Overflow       |    9.405|
B<0>           |Result<0>      |   10.277|
B<0>           |Result<1>      |    7.806|
B<0>           |Result<2>      |    8.435|
B<0>           |Result<3>      |   10.326|
B<0>           |Zero           |   11.503|
B<1>           |Overflow       |   10.064|
B<1>           |Result<0>      |   10.936|
B<1>           |Result<1>      |    8.283|
B<1>           |Result<2>      |    9.094|
B<1>           |Result<3>      |   10.985|
B<1>           |Zero           |   12.162|
B<2>           |Overflow       |    8.604|
B<2>           |Result<0>      |    9.476|
B<2>           |Result<2>      |    8.034|
B<2>           |Result<3>      |    9.525|
B<2>           |Zero           |   10.702|
B<3>           |Overflow       |    7.647|
B<3>           |Result<0>      |    8.559|
B<3>           |Result<3>      |    8.568|
B<3>           |Zero           |    9.745|
---------------+---------------+---------+


Analysis completed Thu Jan 09 14:27:37 2020 
--------------------------------------------------------------------------------

Trace Settings:
-------------------------
Trace Settings 

Peak Memory Usage: 4487 MB



