Command line:
   S1063697Lab1_tb_isim_beh.exe
     -simmode  gui
     -simrunnum  0
     -socket  49367

Wed Sep 18 15:30:29 2019


 Elaboration Time: 0.0156 sec

 Current Memory Usage: 666.993 Meg

 Total Signals          : 55
 Total Nets             : 42
 Total Signal Drivers   : 27
 Total Blocks           : 8
 Total Primitive Blocks : 5
 Total Processes        : 29
 Total Traceable Variables  : 19
 Total Scalar Nets and Variables : 130
Total Line Count : 21

 Total Simulation Time: 0.0312 sec

 Current Memory Usage: 666.993 Meg

Wed Sep 18 15:36:28 2019

