#-----------------------------------------------------------
# PlanAhead v14.7 (64-bit)
# Build 321239 by xbuild on Fri Sep 27 19:29:51 MDT 2013
# Start of session at: Wed Sep 25 14:09:45 2019
# Process ID: 9380
# Log file: C:/Users/student/Desktop/ooo/S1063697Lab1/planAhead_run_1/planAhead.log
# Journal file: C:/Users/student/Desktop/ooo/S1063697Lab1/planAhead_run_1/planAhead.jou
#-----------------------------------------------------------
INFO: [Common 17-78] Attempting to get a license: PlanAhead
INFO: [Common 17-290] Got license for PlanAhead
INFO: [Device 21-36] Loading parts and site information from C:/Xilinx/14.7/ISE_DS/PlanAhead/data/parts/arch.xml
Parsing RTL primitives file [C:/Xilinx/14.7/ISE_DS/PlanAhead/data/parts/xilinx/rtl/prims/rtl_prims.xml]
Finished parsing RTL primitives file [C:/Xilinx/14.7/ISE_DS/PlanAhead/data/parts/xilinx/rtl/prims/rtl_prims.xml]
start_gui
source C:/Users/student/Desktop/ooo/S1063697Lab1/pa.fromNcd.tcl
# create_project -name S1063697Lab1 -dir "C:/Users/student/Desktop/ooo/S1063697Lab1/planAhead_run_3" -part xc3s100ecp132-4
# set srcset [get_property srcset [current_run -impl]]
# set_property design_mode GateLvl $srcset
# set_property edif_top_file "C:/Users/student/Desktop/ooo/S1063697Lab1/S1063697Lab1.ngc" [ get_property srcset [ current_run ] ]
# add_files -norecurse { {C:/Users/student/Desktop/ooo/S1063697Lab1} }
# set_property target_constrs_file "Lab1.ucf" [current_fileset -constrset]
Adding file 'C:/Users/student/Desktop/ooo/S1063697Lab1/Lab1.ucf' to fileset 'constrs_1'
# add_files [list {Lab1.ucf}] -fileset [get_property constrset [current_run]]
# link_design
Design is defaulting to srcset: sources_1
Design is defaulting to constrset: constrs_1
Design is defaulting to project part: xc3s100ecp132-4
Release 14.7 - ngc2edif P.20131013 (nt64)
Copyright (c) 1995-2013 Xilinx, Inc.  All rights reserved.
Reading design S1063697Lab1.ngc ...
WARNING:NetListWriters:298 - No output is written to S1063697Lab1.xncf, ignored.
Processing design ...
   Preping design's networks ...
   Preping design's macros ...
  finished :Prep
Writing EDIF netlist file S1063697Lab1.edif ...
ngc2edif: Total memory usage is 81812 kilobytes

Parsing EDIF File [./planAhead_run_3/S1063697Lab1.data/cache/S1063697Lab1_ngc_zx.edif]
Finished Parsing EDIF File [./planAhead_run_3/S1063697Lab1.data/cache/S1063697Lab1_ngc_zx.edif]
INFO: [Designutils 20-910] Reading macro library C:/Xilinx/14.7/ISE_DS/PlanAhead/data\./parts/xilinx/spartan3e/spartan3e/hd_int_macros.edn
Parsing EDIF File [C:/Xilinx/14.7/ISE_DS/PlanAhead/data\./parts/xilinx/spartan3e/spartan3e/hd_int_macros.edn]
Finished Parsing EDIF File [C:/Xilinx/14.7/ISE_DS/PlanAhead/data\./parts/xilinx/spartan3e/spartan3e/hd_int_macros.edn]
Loading clock regions from C:/Xilinx/14.7/ISE_DS/PlanAhead/data\parts/xilinx/spartan3e/spartan3e/xc3s100e/ClockRegion.xml
Loading clock buffers from C:/Xilinx/14.7/ISE_DS/PlanAhead/data\parts/xilinx/spartan3e/spartan3e/xc3s100e/ClockBuffers.xml
Loading package from C:/Xilinx/14.7/ISE_DS/PlanAhead/data\parts/xilinx/spartan3e/spartan3e/xc3s100e/cp132/Package.xml
Loading io standards from C:/Xilinx/14.7/ISE_DS/PlanAhead/data\./parts/xilinx/spartan3e/IOStandards.xml
INFO: [Device 21-19] Loading pkg sso from C:/Xilinx/14.7/ISE_DS/PlanAhead/data\parts/xilinx/spartan3e/spartan3e/xc3s100e/cp132/SSORules.xml
Loading list of drcs for the architecture : C:/Xilinx/14.7/ISE_DS/PlanAhead/data\./parts/xilinx/spartan3e/spartan3e/drc.xml
INFO: [Timing 38-77] Reading timing library C:/Xilinx/14.7/ISE_DS/PlanAhead/data\parts/xilinx/spartan3e/spartan3e/spartan3e-4.lib.
INFO: [Timing 38-34] Done reading timing library C:/Xilinx/14.7/ISE_DS/PlanAhead/data\parts/xilinx/spartan3e/spartan3e/spartan3e-4.lib.
Parsing UCF File [C:/Users/student/Desktop/ooo/S1063697Lab1/Lab1.ucf]
Finished Parsing UCF File [C:/Users/student/Desktop/ooo/S1063697Lab1/Lab1.ucf]
INFO: [Project 1-111] Unisim Transformation Summary:
No Unisim elements were transformed.

Phase 0 | Netlist Checksum: 603cea80
link_design: Time (s): elapsed = 00:00:07 . Memory (MB): peak = 545.254 ; gain = 114.980
# read_xdl -file "C:/Users/student/Desktop/ooo/S1063697Lab1/S1063697Lab1.ncd"
Release 14.7 - xdl P.20131013 (nt64)
Copyright (c) 1995-2013 Xilinx, Inc.  All rights reserved.

WARNING:XDL:213 - The resulting xdl output will not have LUT equation strings or RAM INIT strings.
Loading device for application Rf_Device from file '3s100e.nph' in environment C:\Xilinx\14.7\ISE_DS\ISE\.
   "S1063697Lab1" is an NCD, version 3.2, device xc3s100e, package cp132, speed -4
Successfully converted design 'C:\Users\student\Desktop\ooo\S1063697Lab1\S1063697Lab1.ncd' to 'C:\Users\student\Desktop\ooo\S1063697Lab1\S1063697Lab1.xdl'.
INFO: [Designutils 20-669] Parsing Placement File : C:/Users/student/Desktop/ooo/S1063697Lab1/S1063697Lab1.ncd
INFO: [Designutils 20-658] Finished Parsing Placement File : C:/Users/student/Desktop/ooo/S1063697Lab1/S1063697Lab1.ncd
INFO: [Designutils 20-671] Placed 20 instances
# if {[catch {read_twx -name results_1 -file "C:/Users/student/Desktop/ooo/S1063697Lab1/S1063697Lab1.twx"} eInfo]} {
#    puts "WARNING: there was a problem importing \"C:/Users/student/Desktop/ooo/S1063697Lab1/S1063697Lab1.twx\": $eInfo"
# }
exit
ERROR: [PlanAhead 12-106] *** Exception: ui.h.b: Found deleted key in HTclEventBroker. Verify if the classes listed here call cleanup()
HTclEvent: DEBUG_CORE_CONFIG_CHANGE   Classes: ui.views.aR 
HTclEvent: DEBUG_PORT_CONFIG_CHANGE   Classes: ui.views.aR 
HTclEvent: SIGNAL_BUS_MODIFY   Classes: ui.views.aR 
HTclEvent: SIGNAL_MODIFY   Classes: ui.views.aR 
 (See C:/Users/student/Desktop/ooo/S1063697Lab1\planAhead_pid9380.debug)
ERROR: [Common 17-39] 'stop_gui' failed due to earlier errors.
INFO: [Common 17-206] Exiting PlanAhead at Wed Sep 25 14:11:55 2019...
INFO: [Common 17-83] Releasing license: PlanAhead
