--------------------------------------------------------------------------------
Release 14.7 Trace  (nt64)
Copyright (c) 1995-2013 Xilinx, Inc.  All rights reserved.

C:\Xilinx\14.7\ISE_DS\ISE\bin\nt64\unwrapped\trce.exe -intstyle ise -v 3 -s 5
-n 3 -fastpaths -xml s1050689Mid.twx s1050689Mid.ncd -o s1050689Mid.twr
s1050689Mid.pcf

Design file:              s1050689Mid.ncd
Physical constraint file: s1050689Mid.pcf
Device,package,speed:     xc3s100e,cp132,-5 (PRODUCTION 1.27 2013-10-13)
Report level:             verbose report

Environment Variable      Effect 
--------------------      ------ 
NONE                      No environment variables were set
--------------------------------------------------------------------------------

INFO:Timing:2698 - No timing constraints found, doing default enumeration.
INFO:Timing:3412 - To improve timing, see the Timing Closure User Guide (UG612).
INFO:Timing:2752 - To get complete path coverage, use the unconstrained paths 
   option. All paths that are not constrained will be reported in the 
   unconstrained paths section(s) of the report.
INFO:Timing:3339 - The clock-to-out numbers in this timing report are based on 
   a 50 Ohm transmission line loading model.  For the details of this model, 
   and for more information on accounting for different loading conditions, 
   please see the device datasheet.
INFO:Timing:3390 - This architecture does not support a default System Jitter 
   value, please add SYSTEM_JITTER constraint to the UCF to modify the Clock 
   Uncertainty calculation.
INFO:Timing:3389 - This architecture does not support 'Discrete Jitter' and 
   'Phase Error' calculations, these terms will be zero in the Clock 
   Uncertainty calculation.  Please make appropriate modification to 
   SYSTEM_JITTER to account for the unsupported Discrete Jitter and Phase 
   Error.



Data Sheet report:
-----------------
All values displayed in nanoseconds (ns)

Clock mclk to Pad
------------+------------+------------------+--------+
            | clk (edge) |                  | Clock  |
Destination |   to PAD   |Internal Clock(s) | Phase  |
------------+------------+------------------+--------+
an<0>       |    8.689(R)|mclk_BUFGP        |   0.000|
an<1>       |    8.453(R)|mclk_BUFGP        |   0.000|
an<2>       |    9.033(R)|mclk_BUFGP        |   0.000|
an<3>       |    8.410(R)|mclk_BUFGP        |   0.000|
led1<0>     |    9.561(R)|mclk_BUFGP        |   0.000|
led1<1>     |    8.894(R)|mclk_BUFGP        |   0.000|
led1<2>     |    8.561(R)|mclk_BUFGP        |   0.000|
led2<5>     |    9.238(R)|mclk_BUFGP        |   0.000|
led2<6>     |    8.988(R)|mclk_BUFGP        |   0.000|
led2<7>     |    8.187(R)|mclk_BUFGP        |   0.000|
seg<0>      |   11.797(R)|mclk_BUFGP        |   0.000|
seg<1>      |   11.392(R)|mclk_BUFGP        |   0.000|
seg<2>      |   12.037(R)|mclk_BUFGP        |   0.000|
seg<3>      |   11.913(R)|mclk_BUFGP        |   0.000|
seg<4>      |   11.790(R)|mclk_BUFGP        |   0.000|
seg<5>      |   11.843(R)|mclk_BUFGP        |   0.000|
seg<6>      |   12.081(R)|mclk_BUFGP        |   0.000|
------------+------------+------------------+--------+

Clock to Setup on destination clock mclk
---------------+---------+---------+---------+---------+
               | Src:Rise| Src:Fall| Src:Rise| Src:Fall|
Source Clock   |Dest:Rise|Dest:Rise|Dest:Fall|Dest:Fall|
---------------+---------+---------+---------+---------+
mclk           |    5.629|         |         |         |
---------------+---------+---------+---------+---------+


Analysis completed Fri Nov 15 17:24:38 2019 
--------------------------------------------------------------------------------

Trace Settings:
-------------------------
Trace Settings 

Peak Memory Usage: 4501 MB



