Release 14.7 - xst P.20131013 (nt64)
Copyright (c) 1995-2013 Xilinx, Inc.  All rights reserved.
--> Parameter TMPDIR set to xst/projnav.tmp


Total REAL time to Xst completion: 1.00 secs
Total CPU time to Xst completion: 0.50 secs
 
--> Parameter xsthdpdir set to xst


Total REAL time to Xst completion: 1.00 secs
Total CPU time to Xst completion: 0.51 secs
 
--> Reading design: s1050689Mid.prj

TABLE OF CONTENTS
  1) Synthesis Options Summary
  2) HDL Compilation
  3) Design Hierarchy Analysis
  4) HDL Analysis
  5) HDL Synthesis
     5.1) HDL Synthesis Report
  6) Advanced HDL Synthesis
     6.1) Advanced HDL Synthesis Report
  7) Low Level Synthesis
  8) Partition Report
  9) Final Report
	9.1) Device utilization summary
	9.2) Partition Resource Summary
	9.3) TIMING REPORT


=========================================================================
*                      Synthesis Options Summary                        *
=========================================================================
---- Source Parameters
Input File Name                    : "s1050689Mid.prj"
Input Format                       : mixed
Ignore Synthesis Constraint File   : NO

---- Target Parameters
Output File Name                   : "s1050689Mid"
Output Format                      : NGC
Target Device                      : xc3s100e-5-cp132

---- Source Options
Top Module Name                    : s1050689Mid
Automatic FSM Extraction           : YES
FSM Encoding Algorithm             : Auto
Safe Implementation                : No
FSM Style                          : LUT
RAM Extraction                     : Yes
RAM Style                          : Auto
ROM Extraction                     : Yes
Mux Style                          : Auto
Decoder Extraction                 : YES
Priority Encoder Extraction        : Yes
Shift Register Extraction          : YES
Logical Shifter Extraction         : YES
XOR Collapsing                     : YES
ROM Style                          : Auto
Mux Extraction                     : Yes
Resource Sharing                   : YES
Asynchronous To Synchronous        : NO
Multiplier Style                   : Auto
Automatic Register Balancing       : No

---- Target Options
Add IO Buffers                     : YES
Global Maximum Fanout              : 100000
Add Generic Clock Buffer(BUFG)     : 24
Register Duplication               : YES
Slice Packing                      : YES
Optimize Instantiated Primitives   : NO
Use Clock Enable                   : Yes
Use Synchronous Set                : Yes
Use Synchronous Reset              : Yes
Pack IO Registers into IOBs        : Auto
Equivalent register Removal        : YES

---- General Options
Optimization Goal                  : Speed
Optimization Effort                : 1
Keep Hierarchy                     : No
Netlist Hierarchy                  : As_Optimized
RTL Output                         : Yes
Global Optimization                : AllClockNets
Read Cores                         : YES
Write Timing Constraints           : NO
Cross Clock Analysis               : NO
Hierarchy Separator                : /
Bus Delimiter                      : <>
Case Specifier                     : Maintain
Slice Utilization Ratio            : 100
BRAM Utilization Ratio             : 100
Verilog 2001                       : YES
Auto BRAM Packing                  : NO
Slice Utilization Ratio Delta      : 5

=========================================================================


=========================================================================
*                          HDL Compilation                              *
=========================================================================
Compiling verilog file "x7seg.v" in library work
Compiling verilog file "traffic_light.v" in library work
Module <x7seg> compiled
Compiling verilog file "s1063697_mid.v" in library work
Module <traffic_light> compiled
Module <s1050689Mid> compiled
No errors in compilation
Analysis of file <"s1050689Mid.prj"> succeeded.
 

=========================================================================
*                     Design Hierarchy Analysis                         *
=========================================================================
Analyzing hierarchy for module <s1050689Mid> in library <work>.

Analyzing hierarchy for module <traffic_light> in library <work>.

Analyzing hierarchy for module <x7seg> in library <work>.


=========================================================================
*                            HDL Analysis                               *
=========================================================================
Analyzing top module <s1050689Mid>.
Module <s1050689Mid> is correct for synthesis.
 
Analyzing module <traffic_light> in library <work>.
Module <traffic_light> is correct for synthesis.
 
Analyzing module <x7seg> in library <work>.
Module <x7seg> is correct for synthesis.
 

=========================================================================
*                           HDL Synthesis                               *
=========================================================================

Performing bidirectional port resolution...

Synthesizing Unit <x7seg>.
    Related source file is "x7seg.v".
    Found 16x7-bit ROM for signal <a_to_g>.
    Found 20-bit up counter for signal <clkdiv>.
    Found 4-bit 4-to-1 multiplexer for signal <digit>.
    Summary:
	inferred   1 ROM(s).
	inferred   1 Counter(s).
	inferred   4 Multiplexer(s).
Unit <x7seg> synthesized.


Synthesizing Unit <traffic_light>.
    Related source file is "traffic_light.v".
    Found finite state machine <FSM_0> for signal <currentState>.
    -----------------------------------------------------------------------
    | States             | 6                                              |
    | Transitions        | 12                                             |
    | Inputs             | 3                                              |
    | Outputs            | 6                                              |
    | Clock              | clk                       (rising_edge)        |
    | Reset              | reset                     (positive)           |
    | Reset type         | asynchronous                                   |
    | Reset State        | 011                                            |
    | Encoding           | automatic                                      |
    | Implementation     | LUT                                            |
    -----------------------------------------------------------------------
    Found 30-bit up counter for signal <clkdiv1>.
    Found 1-bit register for signal <flag>.
    Found 4-bit comparator greatequal for signal <y$cmp_ge0000> created at line 102.
    Found 6-bit adder for signal <y$sub0000> created at line 103.
    Found 6-bit adder for signal <y$sub0001> created at line 105.
    Summary:
	inferred   1 Finite State Machine(s).
	inferred   1 Counter(s).
	inferred   1 D-type flip-flop(s).
	inferred   2 Adder/Subtractor(s).
	inferred   1 Comparator(s).
Unit <traffic_light> synthesized.


Synthesizing Unit <s1050689Mid>.
    Related source file is "s1063697_mid.v".
Unit <s1050689Mid> synthesized.


=========================================================================
HDL Synthesis Report

Macro Statistics
# ROMs                                                 : 1
 16x7-bit ROM                                          : 1
# Adders/Subtractors                                   : 2
 6-bit adder                                           : 2
# Counters                                             : 2
 20-bit up counter                                     : 1
 30-bit up counter                                     : 1
# Registers                                            : 1
 1-bit register                                        : 1
# Comparators                                          : 1
 4-bit comparator greatequal                           : 1
# Multiplexers                                         : 1
 4-bit 4-to-1 multiplexer                              : 1

=========================================================================

=========================================================================
*                       Advanced HDL Synthesis                          *
=========================================================================

Analyzing FSM <FSM_0> for best encoding.
Optimizing FSM <U1/currentState/FSM> on signal <currentState[1:3]> with gray encoding.
-------------------
 State | Encoding
-------------------
 010   | 111
 011   | 000
 100   | 001
 101   | 011
 110   | 010
 111   | 110
-------------------

=========================================================================
Advanced HDL Synthesis Report

Macro Statistics
# FSMs                                                 : 1
# ROMs                                                 : 1
 16x7-bit ROM                                          : 1
# Adders/Subtractors                                   : 2
 6-bit adder                                           : 2
# Counters                                             : 2
 20-bit up counter                                     : 1
 30-bit up counter                                     : 1
# Registers                                            : 1
 Flip-Flops                                            : 1
# Comparators                                          : 1
 4-bit comparator greatequal                           : 1
# Multiplexers                                         : 1
 4-bit 4-to-1 multiplexer                              : 1

=========================================================================

=========================================================================
*                         Low Level Synthesis                           *
=========================================================================

Optimizing unit <s1050689Mid> ...

Optimizing unit <x7seg> ...

Optimizing unit <traffic_light> ...

Mapping all equations...
Building and optimizing final netlist ...
Found area constraint ratio of 100 (+ 5) on block s1050689Mid, actual ratio is 5.

Final Macro Processing ...

=========================================================================
Final Register Report

Macro Statistics
# Registers                                            : 54
 Flip-Flops                                            : 54

=========================================================================

=========================================================================
*                           Partition Report                            *
=========================================================================

Partition Implementation Status
-------------------------------

  No Partitions were found in this design.

-------------------------------

=========================================================================
*                            Final Report                               *
=========================================================================
Final Results
RTL Top Level Output File Name     : s1050689Mid.ngr
Top Level Output File Name         : s1050689Mid
Output Format                      : NGC
Optimization Goal                  : Speed
Keep Hierarchy                     : No

Design Statistics
# IOs                              : 20

Cell Usage :
# BELS                             : 194
#      GND                         : 1
#      INV                         : 2
#      LUT1                        : 20
#      LUT2                        : 12
#      LUT3                        : 31
#      LUT4                        : 24
#      LUT4_L                      : 2
#      MUXCY                       : 48
#      MUXF5                       : 3
#      VCC                         : 1
#      XORCY                       : 50
# FlipFlops/Latches                : 54
#      FDC                         : 53
#      FDCE                        : 1
# Clock Buffers                    : 1
#      BUFGP                       : 1
# IO Buffers                       : 19
#      IBUF                        : 1
#      OBUF                        : 18
=========================================================================

Device utilization summary:
---------------------------

Selected Device : 3s100ecp132-5 

 Number of Slices:                       47  out of    960     4%  
 Number of Slice Flip Flops:             54  out of   1920     2%  
 Number of 4 input LUTs:                 91  out of   1920     4%  
 Number of IOs:                          20
 Number of bonded IOBs:                  20  out of     83    24%  
 Number of GCLKs:                         1  out of     24     4%  

---------------------------
Partition Resource Summary:
---------------------------

  No Partitions were found in this design.

---------------------------


=========================================================================
TIMING REPORT

NOTE: THESE TIMING NUMBERS ARE ONLY A SYNTHESIS ESTIMATE.
      FOR ACCURATE TIMING INFORMATION PLEASE REFER TO THE TRACE REPORT
      GENERATED AFTER PLACE-and-ROUTE.

Clock Information:
------------------
-----------------------------------+------------------------+-------+
Clock Signal                       | Clock buffer(FF name)  | Load  |
-----------------------------------+------------------------+-------+
mclk                               | BUFGP                  | 54    |
-----------------------------------+------------------------+-------+

Asynchronous Control Signals Information:
----------------------------------------
-----------------------------------+------------------------+-------+
Control Signal                     | Buffer(FF name)        | Load  |
-----------------------------------+------------------------+-------+
btn<0>                             | IBUF                   | 54    |
-----------------------------------+------------------------+-------+

Timing Summary:
---------------
Speed Grade: -5

   Minimum period: 6.152ns (Maximum Frequency: 162.558MHz)
   Minimum input arrival time before clock: No path found
   Maximum output required time after clock: 8.326ns
   Maximum combinational path delay: No path found

Timing Detail:
--------------
All values displayed in nanoseconds (ns)

=========================================================================
Timing constraint: Default period analysis for Clock 'mclk'
  Clock period: 6.152ns (frequency: 162.558MHz)
  Total number of paths / destination ports: 2672 / 55
-------------------------------------------------------------------------
Delay:               6.152ns (Levels of Logic = 32)
  Source:            U1/clkdiv1_26 (FF)
  Destination:       U1/clkdiv1_29 (FF)
  Source Clock:      mclk rising
  Destination Clock: mclk rising

  Data Path: U1/clkdiv1_26 to U1/clkdiv1_29
                                Gate     Net
    Cell:in->out      fanout   Delay   Delay  Logical Name (Net Name)
    ----------------------------------------  ------------
     FDC:C->Q             12   0.514   0.969  U1/clkdiv1_26 (U1/clkdiv1_26)
     LUT4:I0->O            7   0.612   0.632  U1/flag_cmp_eq00001_1 (U1/flag_cmp_eq00001)
     LUT3:I2->O            1   0.612   0.000  U1/Mcount_clkdiv1_lut<0> (U1/Mcount_clkdiv1_lut<0>)
     MUXCY:S->O            1   0.404   0.000  U1/Mcount_clkdiv1_cy<0> (U1/Mcount_clkdiv1_cy<0>)
     MUXCY:CI->O           1   0.052   0.000  U1/Mcount_clkdiv1_cy<1> (U1/Mcount_clkdiv1_cy<1>)
     MUXCY:CI->O           1   0.052   0.000  U1/Mcount_clkdiv1_cy<2> (U1/Mcount_clkdiv1_cy<2>)
     MUXCY:CI->O           1   0.052   0.000  U1/Mcount_clkdiv1_cy<3> (U1/Mcount_clkdiv1_cy<3>)
     MUXCY:CI->O           1   0.052   0.000  U1/Mcount_clkdiv1_cy<4> (U1/Mcount_clkdiv1_cy<4>)
     MUXCY:CI->O           1   0.052   0.000  U1/Mcount_clkdiv1_cy<5> (U1/Mcount_clkdiv1_cy<5>)
     MUXCY:CI->O           1   0.052   0.000  U1/Mcount_clkdiv1_cy<6> (U1/Mcount_clkdiv1_cy<6>)
     MUXCY:CI->O           1   0.052   0.000  U1/Mcount_clkdiv1_cy<7> (U1/Mcount_clkdiv1_cy<7>)
     MUXCY:CI->O           1   0.052   0.000  U1/Mcount_clkdiv1_cy<8> (U1/Mcount_clkdiv1_cy<8>)
     MUXCY:CI->O           1   0.051   0.000  U1/Mcount_clkdiv1_cy<9> (U1/Mcount_clkdiv1_cy<9>)
     MUXCY:CI->O           1   0.051   0.000  U1/Mcount_clkdiv1_cy<10> (U1/Mcount_clkdiv1_cy<10>)
     MUXCY:CI->O           1   0.051   0.000  U1/Mcount_clkdiv1_cy<11> (U1/Mcount_clkdiv1_cy<11>)
     MUXCY:CI->O           1   0.051   0.000  U1/Mcount_clkdiv1_cy<12> (U1/Mcount_clkdiv1_cy<12>)
     MUXCY:CI->O           1   0.051   0.000  U1/Mcount_clkdiv1_cy<13> (U1/Mcount_clkdiv1_cy<13>)
     MUXCY:CI->O           1   0.051   0.000  U1/Mcount_clkdiv1_cy<14> (U1/Mcount_clkdiv1_cy<14>)
     MUXCY:CI->O           1   0.051   0.000  U1/Mcount_clkdiv1_cy<15> (U1/Mcount_clkdiv1_cy<15>)
     MUXCY:CI->O           1   0.051   0.000  U1/Mcount_clkdiv1_cy<16> (U1/Mcount_clkdiv1_cy<16>)
     MUXCY:CI->O           1   0.051   0.000  U1/Mcount_clkdiv1_cy<17> (U1/Mcount_clkdiv1_cy<17>)
     MUXCY:CI->O           1   0.051   0.000  U1/Mcount_clkdiv1_cy<18> (U1/Mcount_clkdiv1_cy<18>)
     MUXCY:CI->O           1   0.051   0.000  U1/Mcount_clkdiv1_cy<19> (U1/Mcount_clkdiv1_cy<19>)
     MUXCY:CI->O           1   0.051   0.000  U1/Mcount_clkdiv1_cy<20> (U1/Mcount_clkdiv1_cy<20>)
     MUXCY:CI->O           1   0.051   0.000  U1/Mcount_clkdiv1_cy<21> (U1/Mcount_clkdiv1_cy<21>)
     MUXCY:CI->O           1   0.051   0.000  U1/Mcount_clkdiv1_cy<22> (U1/Mcount_clkdiv1_cy<22>)
     MUXCY:CI->O           1   0.051   0.000  U1/Mcount_clkdiv1_cy<23> (U1/Mcount_clkdiv1_cy<23>)
     MUXCY:CI->O           1   0.051   0.000  U1/Mcount_clkdiv1_cy<24> (U1/Mcount_clkdiv1_cy<24>)
     MUXCY:CI->O           1   0.051   0.000  U1/Mcount_clkdiv1_cy<25> (U1/Mcount_clkdiv1_cy<25>)
     MUXCY:CI->O           1   0.051   0.000  U1/Mcount_clkdiv1_cy<26> (U1/Mcount_clkdiv1_cy<26>)
     MUXCY:CI->O           1   0.051   0.000  U1/Mcount_clkdiv1_cy<27> (U1/Mcount_clkdiv1_cy<27>)
     MUXCY:CI->O           0   0.051   0.000  U1/Mcount_clkdiv1_cy<28> (U1/Mcount_clkdiv1_cy<28>)
     XORCY:CI->O           1   0.699   0.000  U1/Mcount_clkdiv1_xor<29> (U1/Mcount_clkdiv129)
     FDC:D                     0.268          U1/clkdiv1_29
    ----------------------------------------
    Total                      6.152ns (4.551ns logic, 1.601ns route)
                                       (74.0% logic, 26.0% route)

=========================================================================
Timing constraint: Default OFFSET OUT AFTER for Clock 'mclk'
  Total number of paths / destination ports: 272 / 17
-------------------------------------------------------------------------
Offset:              8.326ns (Levels of Logic = 5)
  Source:            U1/clkdiv1_28 (FF)
  Destination:       seg<4> (PAD)
  Source Clock:      mclk rising

  Data Path: U1/clkdiv1_28 to seg<4>
                                Gate     Net
    Cell:in->out      fanout   Delay   Delay  Logical Name (Net Name)
    ----------------------------------------  ------------
     FDC:C->Q             16   0.514   1.031  U1/clkdiv1_28 (U1/clkdiv1_28)
     LUT2:I0->O            1   0.612   0.387  U1/Xl/Mmux_digit_43_SW0 (N10)
     LUT4:I2->O            1   0.612   0.000  U1/Xl/Mmux_digit_43 (U1/Xl/Mmux_digit_43)
     MUXF5:I0->O           7   0.278   0.754  U1/Xl/Mmux_digit_2_f5_2 (U1/Xl/digit<3>)
     LUT4:I0->O            1   0.612   0.357  U1/Xl/Mrom_a_to_g21 (seg_4_OBUF)
     OBUF:I->O                 3.169          seg_4_OBUF (seg<4>)
    ----------------------------------------
    Total                      8.326ns (5.797ns logic, 2.529ns route)
                                       (69.6% logic, 30.4% route)

=========================================================================


Total REAL time to Xst completion: 7.00 secs
Total CPU time to Xst completion: 7.14 secs
 
--> 

Total memory usage is 4490488 kilobytes

Number of errors   :    0 (   0 filtered)
Number of warnings :    0 (   0 filtered)
Number of infos    :    0 (   0 filtered)

