Command line:
   S1063697Lab2_tb_isim_beh.exe
     -simmode  gui
     -simrunnum  0
     -socket  55418

Mon Oct 21 20:26:18 2019


 Elaboration Time: 0.078125 sec

 Current Memory Usage: 5179.47 Meg

 Total Signals          : 50
 Total Nets             : 33
 Total Signal Drivers   : 24
 Total Blocks           : 7
 Total Primitive Blocks : 5
 Total Processes        : 27
 Total Traceable Variables  : 26
 Total Scalar Nets and Variables : 122
Total Line Count : 34

 Total Simulation Time: 0.078125 sec

 Current Memory Usage: 5179.47 Meg

Mon Oct 21 20:26:40 2019

