--------------------------------------------------------------------------------
Release 14.7 Trace  (nt64)
Copyright (c) 1995-2013 Xilinx, Inc.  All rights reserved.

C:\Xilinx\14.7\ISE_DS\ISE\bin\nt64\unwrapped\trce.exe -intstyle ise -v 3 -s 4
-n 3 -fastpaths -xml S1063697Lab2.twx S1063697Lab2.ncd -o S1063697Lab2.twr
S1063697Lab2.pcf -ucf Basys2.ucf

Design file:              S1063697Lab2.ncd
Physical constraint file: S1063697Lab2.pcf
Device,package,speed:     xc3s100e,cp132,-4 (PRODUCTION 1.27 2013-10-13)
Report level:             verbose report

Environment Variable      Effect 
--------------------      ------ 
NONE                      No environment variables were set
--------------------------------------------------------------------------------

INFO:Timing:2698 - No timing constraints found, doing default enumeration.
INFO:Timing:3412 - To improve timing, see the Timing Closure User Guide (UG612).
INFO:Timing:2752 - To get complete path coverage, use the unconstrained paths 
   option. All paths that are not constrained will be reported in the 
   unconstrained paths section(s) of the report.
INFO:Timing:3339 - The clock-to-out numbers in this timing report are based on 
   a 50 Ohm transmission line loading model.  For the details of this model, 
   and for more information on accounting for different loading conditions, 
   please see the device datasheet.
INFO:Timing:3390 - This architecture does not support a default System Jitter 
   value, please add SYSTEM_JITTER constraint to the UCF to modify the Clock 
   Uncertainty calculation.
INFO:Timing:3389 - This architecture does not support 'Discrete Jitter' and 
   'Phase Error' calculations, these terms will be zero in the Clock 
   Uncertainty calculation.  Please make appropriate modification to 
   SYSTEM_JITTER to account for the unsupported Discrete Jitter and Phase 
   Error.



Data Sheet report:
-----------------
All values displayed in nanoseconds (ns)

Pad to Pad
---------------+---------------+---------+
Source Pad     |Destination Pad|  Delay  |
---------------+---------------+---------+
Ainvert        |CarryOut       |    8.991|
Ainvert        |Result         |    9.128|
Binvert        |CarryOut       |    8.289|
Binvert        |Result         |    9.386|
CarryIn        |CarryOut       |    8.509|
CarryIn        |Result         |    9.004|
Less           |Result         |    8.527|
Operation<0>   |Result         |    8.574|
Operation<1>   |Result         |    8.591|
a              |CarryOut       |    9.215|
a              |Result         |   10.215|
b              |CarryOut       |    8.544|
b              |Result         |   10.121|
---------------+---------------+---------+


Analysis completed Mon Oct 21 20:18:54 2019 
--------------------------------------------------------------------------------

Trace Settings:
-------------------------
Trace Settings 

Peak Memory Usage: 4487 MB



