Release 14.7 - xst P.20131013 (nt64)
Copyright (c) 1995-2013 Xilinx, Inc.  All rights reserved.
--> Parameter TMPDIR set to xst/projnav.tmp


Total REAL time to Xst completion: 0.00 secs
Total CPU time to Xst completion: 0.38 secs
 
--> Parameter xsthdpdir set to xst


Total REAL time to Xst completion: 0.00 secs
Total CPU time to Xst completion: 0.38 secs
 
--> Reading design: s410504001_Lab3Demo.prj

TABLE OF CONTENTS
  1) Synthesis Options Summary
  2) HDL Compilation
  3) Design Hierarchy Analysis
  4) HDL Analysis
  5) HDL Synthesis
     5.1) HDL Synthesis Report
  6) Advanced HDL Synthesis
     6.1) Advanced HDL Synthesis Report
  7) Low Level Synthesis
  8) Partition Report
  9) Final Report
	9.1) Device utilization summary
	9.2) Partition Resource Summary
	9.3) TIMING REPORT


=========================================================================
*                      Synthesis Options Summary                        *
=========================================================================
---- Source Parameters
Input File Name                    : "s410504001_Lab3Demo.prj"
Input Format                       : mixed
Ignore Synthesis Constraint File   : NO

---- Target Parameters
Output File Name                   : "s410504001_Lab3Demo"
Output Format                      : NGC
Target Device                      : xc3s100e-5-cp132

---- Source Options
Top Module Name                    : s410504001_Lab3Demo
Automatic FSM Extraction           : YES
FSM Encoding Algorithm             : Auto
Safe Implementation                : No
FSM Style                          : LUT
RAM Extraction                     : Yes
RAM Style                          : Auto
ROM Extraction                     : Yes
Mux Style                          : Auto
Decoder Extraction                 : YES
Priority Encoder Extraction        : Yes
Shift Register Extraction          : YES
Logical Shifter Extraction         : YES
XOR Collapsing                     : YES
ROM Style                          : Auto
Mux Extraction                     : Yes
Resource Sharing                   : YES
Asynchronous To Synchronous        : NO
Multiplier Style                   : Auto
Automatic Register Balancing       : No

---- Target Options
Add IO Buffers                     : YES
Global Maximum Fanout              : 100000
Add Generic Clock Buffer(BUFG)     : 24
Register Duplication               : YES
Slice Packing                      : YES
Optimize Instantiated Primitives   : NO
Use Clock Enable                   : Yes
Use Synchronous Set                : Yes
Use Synchronous Reset              : Yes
Pack IO Registers into IOBs        : Auto
Equivalent register Removal        : YES

---- General Options
Optimization Goal                  : Speed
Optimization Effort                : 1
Keep Hierarchy                     : No
Netlist Hierarchy                  : As_Optimized
RTL Output                         : Yes
Global Optimization                : AllClockNets
Read Cores                         : YES
Write Timing Constraints           : NO
Cross Clock Analysis               : NO
Hierarchy Separator                : /
Bus Delimiter                      : <>
Case Specifier                     : Maintain
Slice Utilization Ratio            : 100
BRAM Utilization Ratio             : 100
Verilog 2001                       : YES
Auto BRAM Packing                  : NO
Slice Utilization Ratio Delta      : 5

=========================================================================


=========================================================================
*                          HDL Compilation                              *
=========================================================================
Compiling verilog file "../x7seg.v" in library work
Compiling verilog file "../S1063697Lab3.v" in library work
Module <x7seg> compiled
Module <s410504001_Lab3Demo> compiled
No errors in compilation
Analysis of file <"s410504001_Lab3Demo.prj"> succeeded.
 

=========================================================================
*                     Design Hierarchy Analysis                         *
=========================================================================
Analyzing hierarchy for module <s410504001_Lab3Demo> in library <work>.

Analyzing hierarchy for module <x7seg> in library <work>.


=========================================================================
*                            HDL Analysis                               *
=========================================================================
Analyzing top module <s410504001_Lab3Demo>.
Module <s410504001_Lab3Demo> is correct for synthesis.
 
Analyzing module <x7seg> in library <work>.
Module <x7seg> is correct for synthesis.
 

=========================================================================
*                           HDL Synthesis                               *
=========================================================================

Performing bidirectional port resolution...

Synthesizing Unit <x7seg>.
    Related source file is "../x7seg.v".
    Found 16x7-bit ROM for signal <a_to_g>.
    Found 20-bit up counter for signal <clkdiv>.
    Found 4-bit 4-to-1 multiplexer for signal <digit>.
    Summary:
	inferred   1 ROM(s).
	inferred   1 Counter(s).
	inferred   4 Multiplexer(s).
Unit <x7seg> synthesized.


Synthesizing Unit <s410504001_Lab3Demo>.
    Related source file is "../S1063697Lab3.v".
Unit <s410504001_Lab3Demo> synthesized.


=========================================================================
HDL Synthesis Report

Macro Statistics
# ROMs                                                 : 1
 16x7-bit ROM                                          : 1
# Counters                                             : 1
 20-bit up counter                                     : 1
# Multiplexers                                         : 1
 4-bit 4-to-1 multiplexer                              : 1

=========================================================================

=========================================================================
*                       Advanced HDL Synthesis                          *
=========================================================================


=========================================================================
Advanced HDL Synthesis Report

Macro Statistics
# ROMs                                                 : 1
 16x7-bit ROM                                          : 1
# Counters                                             : 1
 20-bit up counter                                     : 1
# Multiplexers                                         : 1
 4-bit 4-to-1 multiplexer                              : 1

=========================================================================

=========================================================================
*                         Low Level Synthesis                           *
=========================================================================

Optimizing unit <s410504001_Lab3Demo> ...

Optimizing unit <x7seg> ...

Mapping all equations...
Building and optimizing final netlist ...
Found area constraint ratio of 100 (+ 5) on block s410504001_Lab3Demo, actual ratio is 2.

Final Macro Processing ...

=========================================================================
Final Register Report

Macro Statistics
# Registers                                            : 20
 Flip-Flops                                            : 20

=========================================================================

=========================================================================
*                           Partition Report                            *
=========================================================================

Partition Implementation Status
-------------------------------

  No Partitions were found in this design.

-------------------------------

=========================================================================
*                            Final Report                               *
=========================================================================
Final Results
RTL Top Level Output File Name     : s410504001_Lab3Demo.ngr
Top Level Output File Name         : s410504001_Lab3Demo
Output Format                      : NGC
Optimization Goal                  : Speed
Keep Hierarchy                     : No

Design Statistics
# IOs                              : 22

Cell Usage :
# BELS                             : 78
#      GND                         : 1
#      INV                         : 1
#      LUT1                        : 19
#      LUT2                        : 2
#      LUT3                        : 1
#      LUT4                        : 14
#      MUXCY                       : 19
#      VCC                         : 1
#      XORCY                       : 20
# FlipFlops/Latches                : 20
#      FDC                         : 20
# Clock Buffers                    : 1
#      BUFGP                       : 1
# IO Buffers                       : 21
#      IBUF                        : 9
#      OBUF                        : 12
=========================================================================

Device utilization summary:
---------------------------

Selected Device : 3s100ecp132-5 

 Number of Slices:                       20  out of    960     2%  
 Number of Slice Flip Flops:             20  out of   1920     1%  
 Number of 4 input LUTs:                 37  out of   1920     1%  
 Number of IOs:                          22
 Number of bonded IOBs:                  22  out of     83    26%  
 Number of GCLKs:                         1  out of     24     4%  

---------------------------
Partition Resource Summary:
---------------------------

  No Partitions were found in this design.

---------------------------


=========================================================================
TIMING REPORT

NOTE: THESE TIMING NUMBERS ARE ONLY A SYNTHESIS ESTIMATE.
      FOR ACCURATE TIMING INFORMATION PLEASE REFER TO THE TRACE REPORT
      GENERATED AFTER PLACE-and-ROUTE.

Clock Information:
------------------
-----------------------------------+------------------------+-------+
Clock Signal                       | Clock buffer(FF name)  | Load  |
-----------------------------------+------------------------+-------+
mclk                               | BUFGP                  | 20    |
-----------------------------------+------------------------+-------+

Asynchronous Control Signals Information:
----------------------------------------
-----------------------------------+------------------------+-------+
Control Signal                     | Buffer(FF name)        | Load  |
-----------------------------------+------------------------+-------+
btn<3>                             | IBUF                   | 20    |
-----------------------------------+------------------------+-------+

Timing Summary:
---------------
Speed Grade: -5

   Minimum period: 3.882ns (Maximum Frequency: 257.632MHz)
   Minimum input arrival time before clock: No path found
   Maximum output required time after clock: 6.867ns
   Maximum combinational path delay: 7.836ns

Timing Detail:
--------------
All values displayed in nanoseconds (ns)

=========================================================================
Timing constraint: Default period analysis for Clock 'mclk'
  Clock period: 3.882ns (frequency: 257.632MHz)
  Total number of paths / destination ports: 210 / 20
-------------------------------------------------------------------------
Delay:               3.882ns (Levels of Logic = 20)
  Source:            Xl/clkdiv_1 (FF)
  Destination:       Xl/clkdiv_19 (FF)
  Source Clock:      mclk rising
  Destination Clock: mclk rising

  Data Path: Xl/clkdiv_1 to Xl/clkdiv_19
                                Gate     Net
    Cell:in->out      fanout   Delay   Delay  Logical Name (Net Name)
    ----------------------------------------  ------------
     FDC:C->Q              1   0.514   0.509  Xl/clkdiv_1 (Xl/clkdiv_1)
     LUT1:I0->O            1   0.612   0.000  Xl/Mcount_clkdiv_cy<1>_rt (Xl/Mcount_clkdiv_cy<1>_rt)
     MUXCY:S->O            1   0.404   0.000  Xl/Mcount_clkdiv_cy<1> (Xl/Mcount_clkdiv_cy<1>)
     MUXCY:CI->O           1   0.051   0.000  Xl/Mcount_clkdiv_cy<2> (Xl/Mcount_clkdiv_cy<2>)
     MUXCY:CI->O           1   0.051   0.000  Xl/Mcount_clkdiv_cy<3> (Xl/Mcount_clkdiv_cy<3>)
     MUXCY:CI->O           1   0.051   0.000  Xl/Mcount_clkdiv_cy<4> (Xl/Mcount_clkdiv_cy<4>)
     MUXCY:CI->O           1   0.051   0.000  Xl/Mcount_clkdiv_cy<5> (Xl/Mcount_clkdiv_cy<5>)
     MUXCY:CI->O           1   0.051   0.000  Xl/Mcount_clkdiv_cy<6> (Xl/Mcount_clkdiv_cy<6>)
     MUXCY:CI->O           1   0.051   0.000  Xl/Mcount_clkdiv_cy<7> (Xl/Mcount_clkdiv_cy<7>)
     MUXCY:CI->O           1   0.051   0.000  Xl/Mcount_clkdiv_cy<8> (Xl/Mcount_clkdiv_cy<8>)
     MUXCY:CI->O           1   0.051   0.000  Xl/Mcount_clkdiv_cy<9> (Xl/Mcount_clkdiv_cy<9>)
     MUXCY:CI->O           1   0.051   0.000  Xl/Mcount_clkdiv_cy<10> (Xl/Mcount_clkdiv_cy<10>)
     MUXCY:CI->O           1   0.051   0.000  Xl/Mcount_clkdiv_cy<11> (Xl/Mcount_clkdiv_cy<11>)
     MUXCY:CI->O           1   0.051   0.000  Xl/Mcount_clkdiv_cy<12> (Xl/Mcount_clkdiv_cy<12>)
     MUXCY:CI->O           1   0.051   0.000  Xl/Mcount_clkdiv_cy<13> (Xl/Mcount_clkdiv_cy<13>)
     MUXCY:CI->O           1   0.051   0.000  Xl/Mcount_clkdiv_cy<14> (Xl/Mcount_clkdiv_cy<14>)
     MUXCY:CI->O           1   0.051   0.000  Xl/Mcount_clkdiv_cy<15> (Xl/Mcount_clkdiv_cy<15>)
     MUXCY:CI->O           1   0.051   0.000  Xl/Mcount_clkdiv_cy<16> (Xl/Mcount_clkdiv_cy<16>)
     MUXCY:CI->O           1   0.051   0.000  Xl/Mcount_clkdiv_cy<17> (Xl/Mcount_clkdiv_cy<17>)
     MUXCY:CI->O           0   0.051   0.000  Xl/Mcount_clkdiv_cy<18> (Xl/Mcount_clkdiv_cy<18>)
     XORCY:CI->O           1   0.699   0.000  Xl/Mcount_clkdiv_xor<19> (Xl/Result<19>)
     FDC:D                     0.268          Xl/clkdiv_19
    ----------------------------------------
    Total                      3.882ns (3.373ns logic, 0.509ns route)
                                       (86.9% logic, 13.1% route)

=========================================================================
Timing constraint: Default OFFSET OUT AFTER for Clock 'mclk'
  Total number of paths / destination ports: 64 / 11
-------------------------------------------------------------------------
Offset:              6.867ns (Levels of Logic = 3)
  Source:            Xl/clkdiv_18 (FF)
  Destination:       seg<0> (PAD)
  Source Clock:      mclk rising

  Data Path: Xl/clkdiv_18 to seg<0>
                                Gate     Net
    Cell:in->out      fanout   Delay   Delay  Logical Name (Net Name)
    ----------------------------------------  ------------
     FDC:C->Q              9   0.514   0.849  Xl/clkdiv_18 (Xl/clkdiv_18)
     LUT4:I0->O            7   0.612   0.754  Xl/Mmux_digit41 (Xl/digit<1>)
     LUT4:I0->O            1   0.612   0.357  Xl/Mrom_a_to_g41 (seg_2_OBUF)
     OBUF:I->O                 3.169          seg_2_OBUF (seg<2>)
    ----------------------------------------
    Total                      6.867ns (4.907ns logic, 1.960ns route)
                                       (71.5% logic, 28.5% route)

=========================================================================
Timing constraint: Default path analysis
  Total number of paths / destination ports: 68 / 9
-------------------------------------------------------------------------
Delay:               7.836ns (Levels of Logic = 5)
  Source:            sw<5> (PAD)
  Destination:       an<2> (PAD)

  Data Path: sw<5> to an<2>
                                Gate     Net
    Cell:in->out      fanout   Delay   Delay  Logical Name (Net Name)
    ----------------------------------------  ------------
     IBUF:I->O             2   1.106   0.532  sw_5_IBUF (sw_5_IBUF)
     LUT4:I0->O            2   0.612   0.410  Xl/an_3_cmp_eq00001 (Xl/an_3_cmp_eq0000)
     LUT4:I2->O            1   0.612   0.426  Xl/an_2_mux0000_SW0 (N2)
     LUT4:I1->O            1   0.612   0.357  Xl/an_2_mux0000 (an_2_OBUF)
     OBUF:I->O                 3.169          an_2_OBUF (an<2>)
    ----------------------------------------
    Total                      7.836ns (6.111ns logic, 1.725ns route)
                                       (78.0% logic, 22.0% route)

=========================================================================


Total REAL time to Xst completion: 6.00 secs
Total CPU time to Xst completion: 6.29 secs
 
--> 

Total memory usage is 4474304 kilobytes

Number of errors   :    0 (   0 filtered)
Number of warnings :    0 (   0 filtered)
Number of infos    :    0 (   0 filtered)

